# JRE version: Java(TM) SE Runtime Environment (17.0.8+9) (build 17.0.8+9-LTS-211)
# Java VM: Java HotSpot(TM) 64-Bit Server VM (17.0.8+9-LTS-211, mixed mode, sharing, tiered, compressed oops, compressed class ptrs, g1 gc, windows-amd64)
GC Precious Log:
 CPUs: 12 total, 12 available
 Memory: 7505M
 Large Page Support: Disabled
 NUMA Support: Disabled
 Compressed Oops: Enabled (32-bit)
 Heap Region Size: 1M
 Heap Min Capacity: 8M
 Heap Initial Capacity: 118M
 Heap Max Capacity: 1878M
 Pre-touch: Disabled
 Parallel Workers: 10
 Concurrent Workers: 3
 Concurrent Refinement Workers: 10
 Periodic GC: Disabled
Heap:
 garbage-first heap   total 100352K, used 70692K [0x000000008aa00000, 0x0000000100000000)
  region size 1024K, 28 young (28672K), 1 survivors (1024K)
 Metaspace       used 82476K, committed 83072K, reserved 1179648K
  class space    used 10368K, committed 10688K, reserved 1048576K
GC Heap History (20 events):
Event: 207.957 GC heap before
{Heap before GC invocations=76 (full 0):
 garbage-first heap   total 100352K, used 87139K [0x000000008aa00000, 0x0000000100000000)
  region size 1024K, 42 young (43008K), 1 survivors (1024K)
 Metaspace       used 82111K, committed 82688K, reserved 1179648K
  class space    used 10327K, committed 10624K, reserved 1048576K
}
Event: 207.960 GC heap after
{Heap after GC invocations=77 (full 0):
 garbage-first heap   total 100352K, used 45134K [0x000000008aa00000, 0x0000000100000000)
  region size 1024K, 1 young (1024K), 1 survivors (1024K)
 Metaspace       used 82111K, committed 82688K, reserved 1179648K
  class space    used 10327K, committed 10624K, reserved 1048576K
}
Event: 212.191 GC heap before
{Heap before GC invocations=78 (full 0):
 garbage-first heap   total 100352K, used 87118K [0x000000008aa00000, 0x0000000100000000)
  region size 1024K, 42 young (43008K), 1 survivors (1024K)
 Metaspace       used 82121K, committed 82688K, reserved 1179648K
  class space    used 10328K, committed 10624K, reserved 1048576K
}
Event: 212.193 GC heap after
{Heap after GC invocations=79 (full 0):
 garbage-first heap   total 100352K, used 45155K [0x000000008aa00000, 0x0000000100000000)
  region size 1024K, 1 young (1024K), 1 survivors (1024K)
 Metaspace       used 82121K, committed 82688K, reserved 1179648K
  class space    used 10328K, committed 10624K, reserved 1048576K
}
Event: 212.654 GC heap before
{Heap before GC invocations=79 (full 0):
 garbage-first heap   total 100352K, used 47203K [0x000000008aa00000, 0x0000000100000000)
  region size 1024K, 4 young (4096K), 1 survivors (1024K)
 Metaspace       used 82121K, committed 82688K, reserved 1179648K
  class space    used 10328K, committed 10624K, reserved 1048576K
}
Event: 212.656 GC heap after
{Heap after GC invocations=80 (full 0):
 garbage-first heap   total 100352K, used 44916K [0x000000008aa00000, 0x0000000100000000)
  region size 1024K, 1 young (1024K), 1 survivors (1024K)
 Metaspace       used 82121K, committed 82688K, reserved 1179648K
  class space    used 10328K, committed 10624K, reserved 1048576K
}
Event: 216.264 GC heap before
{Heap before GC invocations=80 (full 0):
 garbage-first heap   total 100352K, used 87924K [0x000000008aa00000, 0x0000000100000000)
  region size 1024K, 43 young (44032K), 1 survivors (1024K)
 Metaspace       used 82121K, committed 82688K, reserved 1179648K
  class space    used 10328K, committed 10624K, reserved 1048576K
}
Event: 216.266 GC heap after
{Heap after GC invocations=81 (full 0):
 garbage-first heap   total 100352K, used 44915K [0x000000008aa00000, 0x0000000100000000)
  region size 1024K, 1 young (1024K), 1 survivors (1024K)
 Metaspace       used 82121K, committed 82688K, reserved 1179648K
  class space    used 10328K, committed 10624K, reserved 1048576K
}
Event: 220.606 GC heap before
{Heap before GC invocations=81 (full 0):
 garbage-first heap   total 100352K, used 87923K [0x000000008aa00000, 0x0000000100000000)
  region size 1024K, 43 young (44032K), 1 survivors (1024K)
 Metaspace       used 82122K, committed 82688K, reserved 1179648K
  class space    used 10328K, committed 10624K, reserved 1048576K
}
Event: 220.607 GC heap after
{Heap after GC invocations=82 (full 0):
 garbage-first heap   total 100352K, used 44929K [0x000000008aa00000, 0x0000000100000000)
  region size 1024K, 1 young (1024K), 1 survivors (1024K)
 Metaspace       used 82122K, committed 82688K, reserved 1179648K
  class space    used 10328K, committed 10624K, reserved 1048576K
}
Event: 225.082 GC heap before
{Heap before GC invocations=82 (full 0):
 garbage-first heap   total 100352K, used 87937K [0x000000008aa00000, 0x0000000100000000)
  region size 1024K, 43 young (44032K), 1 survivors (1024K)
 Metaspace       used 82123K, committed 82688K, reserved 1179648K
  class space    used 10328K, committed 10624K, reserved 1048576K
}
Event: 225.083 GC heap after
{Heap after GC invocations=83 (full 0):
 garbage-first heap   total 100352K, used 44927K [0x000000008aa00000, 0x0000000100000000)
  region size 1024K, 1 young (1024K), 1 survivors (1024K)
 Metaspace       used 82123K, committed 82688K, reserved 1179648K
  class space    used 10328K, committed 10624K, reserved 1048576K
}
Event: 228.790 GC heap before
{Heap before GC invocations=84 (full 0):
 garbage-first heap   total 100352K, used 87935K [0x000000008aa00000, 0x0000000100000000)
  region size 1024K, 43 young (44032K), 1 survivors (1024K)
 Metaspace       used 82126K, committed 82688K, reserved 1179648K
  class space    used 10328K, committed 10624K, reserved 1048576K
}
Event: 228.792 GC heap after
{Heap after GC invocations=85 (full 0):
 garbage-first heap   total 100352K, used 44907K [0x000000008aa00000, 0x0000000100000000)
  region size 1024K, 1 young (1024K), 1 survivors (1024K)
 Metaspace       used 82126K, committed 82688K, reserved 1179648K
  class space    used 10328K, committed 10624K, reserved 1048576K
}
Event: 233.147 GC heap before
{Heap before GC invocations=85 (full 0):
 garbage-first heap   total 100352K, used 86891K [0x000000008aa00000, 0x0000000100000000)
  region size 1024K, 43 young (44032K), 1 survivors (1024K)
 Metaspace       used 82142K, committed 82752K, reserved 1179648K
  class space    used 10328K, committed 10624K, reserved 1048576K
}
Event: 233.150 GC heap after
{Heap after GC invocations=86 (full 0):
 garbage-first heap   total 100352K, used 44932K [0x000000008aa00000, 0x0000000100000000)
  region size 1024K, 1 young (1024K), 1 survivors (1024K)
 Metaspace       used 82142K, committed 82752K, reserved 1179648K
  class space    used 10328K, committed 10624K, reserved 1048576K
}
Event: 237.849 GC heap before
{Heap before GC invocations=87 (full 0):
 garbage-first heap   total 100352K, used 86916K [0x000000008aa00000, 0x0000000100000000)
  region size 1024K, 43 young (44032K), 1 survivors (1024K)
 Metaspace       used 82142K, committed 82752K, reserved 1179648K
  class space    used 10328K, committed 10624K, reserved 1048576K
}
Event: 237.850 GC heap after
{Heap after GC invocations=88 (full 0):
 garbage-first heap   total 100352K, used 44932K [0x000000008aa00000, 0x0000000100000000)
  region size 1024K, 1 young (1024K), 1 survivors (1024K)
 Metaspace       used 82142K, committed 82752K, reserved 1179648K
  class space    used 10328K, committed 10624K, reserved 1048576K
}
Event: 264.235 GC heap before
{Heap before GC invocations=88 (full 0):
 garbage-first heap   total 100352K, used 86916K [0x000000008aa00000, 0x0000000100000000)
  region size 1024K, 43 young (44032K), 1 survivors (1024K)
 Metaspace       used 82440K, committed 83072K, reserved 1179648K
  class space    used 10368K, committed 10688K, reserved 1048576K
}
Event: 264.254 GC heap after
{Heap after GC invocations=89 (full 0):
 garbage-first heap   total 100352K, used 45092K [0x000000008aa00000, 0x0000000100000000)
  region size 1024K, 1 young (1024K), 1 survivors (1024K)
 Metaspace       used 82440K, committed 83072K, reserved 1179648K
  class space    used 10368K, committed 10688K, reserved 1048576K
}

