# JRE version: Java(TM) SE Runtime Environment (17.0.8+9) (build 17.0.8+9-LTS-211)
# Java VM: Java HotSpot(TM) 64-Bit Server VM (17.0.8+9-LTS-211, mixed mode, sharing, tiered, compressed oops, compressed class ptrs, g1 gc, windows-amd64)
GC Precious Log:
 CPUs: 12 total, 12 available
 Memory: 7505M
 Large Page Support: Disabled
 NUMA Support: Disabled
 Compressed Oops: Enabled (32-bit)
 Heap Region Size: 1M
 Heap Min Capacity: 8M
 Heap Initial Capacity: 118M
 Heap Max Capacity: 1878M
 Pre-touch: Disabled
 Parallel Workers: 10
 Concurrent Workers: 3
 Concurrent Refinement Workers: 10
 Periodic GC: Disabled
Heap:
 garbage-first heap   total 120832K, used 97151K [0x000000008aa00000, 0x0000000100000000)
  region size 1024K, 49 young (50176K), 1 survivors (1024K)
 Metaspace       used 83750K, committed 84352K, reserved 1179648K
  class space    used 10477K, committed 10752K, reserved 1048576K
GC Heap History (20 events):
Event: 5317.998 GC heap before
{Heap before GC invocations=198 (full 0):
 garbage-first heap   total 120832K, used 104205K [0x000000008aa00000, 0x0000000100000000)
  region size 1024K, 55 young (56320K), 1 survivors (1024K)
 Metaspace       used 83692K, committed 84288K, reserved 1179648K
  class space    used 10477K, committed 10752K, reserved 1048576K
}
Event: 5318.000 GC heap after
{Heap after GC invocations=199 (full 0):
 garbage-first heap   total 120832K, used 49937K [0x000000008aa00000, 0x0000000100000000)
  region size 1024K, 1 young (1024K), 1 survivors (1024K)
 Metaspace       used 83692K, committed 84288K, reserved 1179648K
  class space    used 10477K, committed 10752K, reserved 1048576K
}
Event: 5322.364 GC heap before
{Heap before GC invocations=199 (full 0):
 garbage-first heap   total 120832K, used 105233K [0x000000008aa00000, 0x0000000100000000)
  region size 1024K, 55 young (56320K), 1 survivors (1024K)
 Metaspace       used 83692K, committed 84288K, reserved 1179648K
  class space    used 10477K, committed 10752K, reserved 1048576K
}
Event: 5322.366 GC heap after
{Heap after GC invocations=200 (full 0):
 garbage-first heap   total 120832K, used 49939K [0x000000008aa00000, 0x0000000100000000)
  region size 1024K, 1 young (1024K), 1 survivors (1024K)
 Metaspace       used 83692K, committed 84288K, reserved 1179648K
  class space    used 10477K, committed 10752K, reserved 1048576K
}
Event: 5326.754 GC heap before
{Heap before GC invocations=200 (full 0):
 garbage-first heap   total 120832K, used 104211K [0x000000008aa00000, 0x0000000100000000)
  region size 1024K, 55 young (56320K), 1 survivors (1024K)
 Metaspace       used 83692K, committed 84288K, reserved 1179648K
  class space    used 10477K, committed 10752K, reserved 1048576K
}
Event: 5326.756 GC heap after
{Heap after GC invocations=201 (full 0):
 garbage-first heap   total 120832K, used 49937K [0x000000008aa00000, 0x0000000100000000)
  region size 1024K, 1 young (1024K), 1 survivors (1024K)
 Metaspace       used 83692K, committed 84288K, reserved 1179648K
  class space    used 10477K, committed 10752K, reserved 1048576K
}
Event: 5330.949 GC heap before
{Heap before GC invocations=201 (full 0):
 garbage-first heap   total 120832K, used 105233K [0x000000008aa00000, 0x0000000100000000)
  region size 1024K, 55 young (56320K), 1 survivors (1024K)
 Metaspace       used 83692K, committed 84288K, reserved 1179648K
  class space    used 10477K, committed 10752K, reserved 1048576K
}
Event: 5330.954 GC heap after
{Heap after GC invocations=202 (full 0):
 garbage-first heap   total 120832K, used 49945K [0x000000008aa00000, 0x0000000100000000)
  region size 1024K, 1 young (1024K), 1 survivors (1024K)
 Metaspace       used 83692K, committed 84288K, reserved 1179648K
  class space    used 10477K, committed 10752K, reserved 1048576K
}
Event: 5335.400 GC heap before
{Heap before GC invocations=202 (full 0):
 garbage-first heap   total 120832K, used 104217K [0x000000008aa00000, 0x0000000100000000)
  region size 1024K, 55 young (56320K), 1 survivors (1024K)
 Metaspace       used 83692K, committed 84288K, reserved 1179648K
  class space    used 10477K, committed 10752K, reserved 1048576K
}
Event: 5335.403 GC heap after
{Heap after GC invocations=203 (full 0):
 garbage-first heap   total 120832K, used 49943K [0x000000008aa00000, 0x0000000100000000)
  region size 1024K, 1 young (1024K), 1 survivors (1024K)
 Metaspace       used 83692K, committed 84288K, reserved 1179648K
  class space    used 10477K, committed 10752K, reserved 1048576K
}
Event: 5339.670 GC heap before
{Heap before GC invocations=203 (full 0):
 garbage-first heap   total 120832K, used 104215K [0x000000008aa00000, 0x0000000100000000)
  region size 1024K, 55 young (56320K), 1 survivors (1024K)
 Metaspace       used 83692K, committed 84288K, reserved 1179648K
  class space    used 10477K, committed 10752K, reserved 1048576K
}
Event: 5339.673 GC heap after
{Heap after GC invocations=204 (full 0):
 garbage-first heap   total 120832K, used 49937K [0x000000008aa00000, 0x0000000100000000)
  region size 1024K, 1 young (1024K), 1 survivors (1024K)
 Metaspace       used 83692K, committed 84288K, reserved 1179648K
  class space    used 10477K, committed 10752K, reserved 1048576K
}
Event: 5346.294 GC heap before
{Heap before GC invocations=204 (full 0):
 garbage-first heap   total 120832K, used 104209K [0x000000008aa00000, 0x0000000100000000)
  region size 1024K, 55 young (56320K), 1 survivors (1024K)
 Metaspace       used 83692K, committed 84288K, reserved 1179648K
  class space    used 10477K, committed 10752K, reserved 1048576K
}
Event: 5346.298 GC heap after
{Heap after GC invocations=205 (full 0):
 garbage-first heap   total 120832K, used 49935K [0x000000008aa00000, 0x0000000100000000)
  region size 1024K, 1 young (1024K), 1 survivors (1024K)
 Metaspace       used 83692K, committed 84288K, reserved 1179648K
  class space    used 10477K, committed 10752K, reserved 1048576K
}
Event: 5350.982 GC heap before
{Heap before GC invocations=205 (full 0):
 garbage-first heap   total 120832K, used 104207K [0x000000008aa00000, 0x0000000100000000)
  region size 1024K, 55 young (56320K), 1 survivors (1024K)
 Metaspace       used 83692K, committed 84288K, reserved 1179648K
  class space    used 10477K, committed 10752K, reserved 1048576K
}
Event: 5350.987 GC heap after
{Heap after GC invocations=206 (full 0):
 garbage-first heap   total 120832K, used 49955K [0x000000008aa00000, 0x0000000100000000)
  region size 1024K, 1 young (1024K), 1 survivors (1024K)
 Metaspace       used 83692K, committed 84288K, reserved 1179648K
  class space    used 10477K, committed 10752K, reserved 1048576K
}
Event: 5355.287 GC heap before
{Heap before GC invocations=206 (full 0):
 garbage-first heap   total 120832K, used 104227K [0x000000008aa00000, 0x0000000100000000)
  region size 1024K, 55 young (56320K), 1 survivors (1024K)
 Metaspace       used 83694K, committed 84288K, reserved 1179648K
  class space    used 10477K, committed 10752K, reserved 1048576K
}
Event: 5355.292 GC heap after
{Heap after GC invocations=207 (full 0):
 garbage-first heap   total 120832K, used 50078K [0x000000008aa00000, 0x0000000100000000)
  region size 1024K, 1 young (1024K), 1 survivors (1024K)
 Metaspace       used 83694K, committed 84288K, reserved 1179648K
  class space    used 10477K, committed 10752K, reserved 1048576K
}
Event: 5360.380 GC heap before
{Heap before GC invocations=207 (full 0):
 garbage-first heap   total 120832K, used 104350K [0x000000008aa00000, 0x0000000100000000)
  region size 1024K, 55 young (56320K), 1 survivors (1024K)
 Metaspace       used 83694K, committed 84288K, reserved 1179648K
  class space    used 10477K, committed 10752K, reserved 1048576K
}
Event: 5360.384 GC heap after
{Heap after GC invocations=208 (full 0):
 garbage-first heap   total 120832K, used 50047K [0x000000008aa00000, 0x0000000100000000)
  region size 1024K, 1 young (1024K), 1 survivors (1024K)
 Metaspace       used 83694K, committed 84288K, reserved 1179648K
  class space    used 10477K, committed 10752K, reserved 1048576K
}

